[{"line":1,"elements":[{"start_timestamp":"2025-07-09T07:37:35.055Z","line":13,"name":"Validate Merchant can login using valid credentials","description":"","id":"shoppersstacklogin;validate-merchant-can-login-using-valid-credentials","type":"scenario","keyword":"Scenario","steps":[{"result":{"status":"undefined"},"line":15,"name":"Browser is open and URL navigated","match":{},"keyword":"Given "},{"result":{"duration":1207300,"status":"skipped"},"line":16,"name":"Login page shoiuld be displayed","match":{},"keyword":"And "},{"result":{"status":"skipped"},"line":17,"name":"Merchant login is displayed","match":{},"keyword":"And "},{"result":{"duration":1014400,"status":"skipped"},"line":18,"name":"User enters \"qa_merchantlogin@gmail.com\" and \"Password@123\"","match":{"arguments":[{"val":"\"qa_merchantlogin@gmail.com\"","offset":12},{"val":"\"Password@123\"","offset":45}],"location":"stepDefinations.SSLogin.user_enters_and(java.lang.String,java.lang.String)"},"keyword":"When "},{"result":{"duration":1005300,"status":"skipped"},"line":19,"name":"click on login button","match":{"location":"stepDefinations.SSLogin.click_on_login_button()"},"keyword":"And "},{"result":{"duration":1006800,"status":"skipped"},"line":20,"name":"Merchant should be successfully logged in","match":{},"keyword":"Then "},{"result":{"status":"skipped"},"line":21,"name":"Browser Must be close","match":{"location":"stepDefinations.Register.browser_must_be_close()"},"keyword":"And "}]},{"start_timestamp":"2025-07-09T07:37:35.221Z","line":23,"name":"Validate Admin can login using valid credentials","description":"","id":"shoppersstacklogin;validate-admin-can-login-using-valid-credentials","type":"scenario","keyword":"Scenario","steps":[{"result":{"status":"undefined"},"line":25,"name":"Browser is open and URL navigated","match":{},"keyword":"Given "},{"result":{"status":"skipped"},"line":26,"name":"Login page shoiuld be displayed","match":{},"keyword":"And "},{"result":{"duration":1164900,"status":"skipped"},"line":27,"name":"Admin login is displayed","match":{"location":"stepDefinations.SSLogin.admin_login_is_displayed()"},"keyword":"And "},{"result":{"duration":1006400,"status":"skipped"},"line":28,"name":"User enters \"qa_testadmindell@gmail.com\" and \"Password@123\"","match":{"arguments":[{"val":"\"qa_testadmindell@gmail.com\"","offset":12},{"val":"\"Password@123\"","offset":45}],"location":"stepDefinations.SSLogin.user_enters_and(java.lang.String,java.lang.String)"},"keyword":"When "},{"result":{"duration":1049700,"status":"skipped"},"line":29,"name":"click on login button","match":{"location":"stepDefinations.SSLogin.click_on_login_button()"},"keyword":"And "},{"result":{"duration":1055600,"status":"skipped"},"line":30,"name":"Admin should be successfully logged in","match":{},"keyword":"Then "},{"result":{"duration":1118800,"status":"skipped"},"line":31,"name":"Browser Must be close","match":{"location":"stepDefinations.Register.browser_must_be_close()"},"keyword":"And "}]}],"name":"ShoppersStackLogin","description":"","id":"shoppersstacklogin","keyword":"Feature","uri":"file:src/test/java/features/SSLogin.feature","tags":[]},{"line":1,"elements":[{"start_timestamp":"2025-07-09T07:37:35.244Z","line":12,"name":"Validate when user enters text in search text field then the search result must be displayed","description":"","id":"search;validate-when-user-enters-text-in-search-text-field-then-the-search-result-must-be-displayed;;2","type":"scenario","keyword":"Scenario Outline","steps":[{"result":{"duration":15400388400,"status":"passed"},"line":5,"name":"Welcome page is displayed","match":{"location":"stepDefinations.Search.welcome_page_is_displayed()"},"keyword":"Given "},{"result":{"duration":1051753800,"status":"passed"},"line":6,"name":"user eneter \"Books\" in search text field","match":{"arguments":[{"val":"\"Books\"","offset":12}],"location":"stepDefinations.Search.user_eneter_in_search_text_field(java.lang.String)"},"keyword":"When "},{"result":{"error_message":"java.lang.NullPointerException: Cannot invoke \"java.lang.CharSequence.toString()\" because \"s\" is null\r\n\tat java.base/java.lang.String.contains(String.java:3023)\r\n\tat stepDefinations.Search.search_result_must_be_displayed(Search.java:34)\r\n\tat ✽.Search result must be displayed(file:///D:/GITHUB%20REMOTE%20REPO/BDD-With-Cucumber/LearningCucumberBDD/./src/test/java/features/Search.feature:7)\r\n","duration":37294900,"status":"failed"},"line":7,"name":"Search result must be displayed","match":{"location":"stepDefinations.Search.search_result_must_be_displayed()"},"keyword":"Then "}]},{"start_timestamp":"2025-07-09T07:37:51.779Z","line":13,"name":"Validate when user enters text in search text field then the search result must be displayed","description":"","id":"search;validate-when-user-enters-text-in-search-text-field-then-the-search-result-must-be-displayed;;3","type":"scenario","keyword":"Scenario Outline","steps":[{"result":{"duration":6426754400,"status":"passed"},"line":5,"name":"Welcome page is displayed","match":{"location":"stepDefinations.Search.welcome_page_is_displayed()"},"keyword":"Given "},{"result":{"duration":3428386300,"status":"passed"},"line":6,"name":"user eneter \"Electrionics\" in search text field","match":{"arguments":[{"val":"\"Electrionics\"","offset":12}],"location":"stepDefinations.Search.user_eneter_in_search_text_field(java.lang.String)"},"keyword":"When "},{"result":{"error_message":"java.lang.NullPointerException: Cannot invoke \"java.lang.CharSequence.toString()\" because \"s\" is null\r\n\tat java.base/java.lang.String.contains(String.java:3023)\r\n\tat stepDefinations.Search.search_result_must_be_displayed(Search.java:34)\r\n\tat ✽.Search result must be displayed(file:///D:/GITHUB%20REMOTE%20REPO/BDD-With-Cucumber/LearningCucumberBDD/./src/test/java/features/Search.feature:7)\r\n","duration":64766300,"status":"failed"},"line":7,"name":"Search result must be displayed","match":{"location":"stepDefinations.Search.search_result_must_be_displayed()"},"keyword":"Then "}]},{"start_timestamp":"2025-07-09T07:38:01.720Z","line":14,"name":"Validate when user enters text in search text field then the search result must be displayed","description":"","id":"search;validate-when-user-enters-text-in-search-text-field-then-the-search-result-must-be-displayed;;4","type":"scenario","keyword":"Scenario Outline","steps":[{"result":{"duration":17550608100,"status":"passed"},"line":5,"name":"Welcome page is displayed","match":{"location":"stepDefinations.Search.welcome_page_is_displayed()"},"keyword":"Given "},{"result":{"duration":3314431700,"status":"passed"},"line":6,"name":"user eneter \"giftcard\" in search text field","match":{"arguments":[{"val":"\"giftcard\"","offset":12}],"location":"stepDefinations.Search.user_eneter_in_search_text_field(java.lang.String)"},"keyword":"When "},{"result":{"error_message":"java.lang.NullPointerException: Cannot invoke \"java.lang.CharSequence.toString()\" because \"s\" is null\r\n\tat java.base/java.lang.String.contains(String.java:3023)\r\n\tat stepDefinations.Search.search_result_must_be_displayed(Search.java:34)\r\n\tat ✽.Search result must be displayed(file:///D:/GITHUB%20REMOTE%20REPO/BDD-With-Cucumber/LearningCucumberBDD/./src/test/java/features/Search.feature:7)\r\n","duration":61851900,"status":"failed"},"line":7,"name":"Search result must be displayed","match":{"location":"stepDefinations.Search.search_result_must_be_displayed()"},"keyword":"Then "}]}],"name":"Search","description":"","id":"search","keyword":"Feature","uri":"file:src/test/java/features/Search.feature","tags":[]},{"line":1,"elements":[{"start_timestamp":"2025-07-09T07:38:22.734Z","line":3,"name":"","description":"  Validate user is able to login using valid credentials","id":"login;","type":"scenario","keyword":"Scenario","steps":[]}],"name":"Login","description":"","id":"login","keyword":"Feature","uri":"file:src/test/java/features/login.feature","tags":[]},{"line":1,"elements":[{"start_timestamp":"2025-07-09T07:38:22.827Z","line":3,"name":"User should be able to register using valid credentials","description":"","id":"register;user-should-be-able-to-register-using-valid-credentials","type":"scenario","keyword":"Scenario","steps":[{"result":{"duration":13904160200,"status":"passed"},"line":5,"name":"Browser is open","match":{"location":"stepDefinations.Register.browser_is_open()"},"keyword":"Given "},{"result":{"duration":1322923000,"status":"passed"},"line":6,"name":"url is navigated to register page","match":{"location":"stepDefinations.Register.url_is_navigated_to_register_page()"},"keyword":"And "},{"result":{"status":"undefined"},"line":7,"name":"user enters valid credentails","match":{},"keyword":"When "},{"result":{"status":"skipped"},"line":8,"name":"clicks on register button","match":{"location":"stepDefinations.Register.clicks_on_register_button()"},"keyword":"And "},{"result":{"duration":1081800,"status":"skipped"},"line":9,"name":"a new account should be created","match":{"location":"stepDefinations.Register.a_new_account_should_be_created()"},"keyword":"Then "},{"result":{"duration":996600,"status":"skipped"},"line":10,"name":"Browser Must be close","match":{"location":"stepDefinations.Register.browser_must_be_close()"},"keyword":"And "}]}],"name":"Register","description":"","id":"register","keyword":"Feature","uri":"file:src/test/java/features/register.feature","tags":[]},{"line":1,"elements":[{"start_timestamp":"2025-07-09T07:38:38.081Z","line":2,"name":"Failure while executing Cucumber","description":"","id":"failure;failure-while-executing-cucumber","type":"scenario","keyword":"Scenario","steps":[{"result":{"duration":0,"status":"passed"},"line":3,"name":"Cucumber failed while executing","match":{"arguments":[],"location":"io.cucumber.core.Failure.failure_while_executing_cucumber()"},"keyword":"When "},{"result":{"duration":0,"error_message":"io.cucumber.core.exception.CompositeCucumberException: There were 2 exceptions. The details are in the stacktrace below.\r\n\tat io.cucumber.core.runtime.RethrowingThrowableCollector.getThrowable(RethrowingThrowableCollector.java:57)\r\n\tat io.cucumber.core.runtime.CucumberExecutionContext.getThrowable(CucumberExecutionContext.java:108)\r\n\tat io.cucumber.core.runtime.CucumberExecutionContext.finishTestRun(CucumberExecutionContext.java:103)\r\n\tat io.cucumber.testng.TestNGCucumberRunner.finish(TestNGCucumberRunner.java:148)\r\n\tat io.cucumber.testng.AbstractTestNGCucumberTests.tearDownClass(AbstractTestNGCucumberTests.java:57)\r\n\tat java.base/jdk.internal.reflect.DirectMethodHandleAccessor.invoke(DirectMethodHandleAccessor.java:103)\r\n\tat java.base/java.lang.reflect.Method.invoke(Method.java:580)\r\n\tat org.testng.internal.invokers.MethodInvocationHelper.invokeMethod(MethodInvocationHelper.java:141)\r\n\tat org.testng.internal.invokers.MethodInvocationHelper.invokeMethodConsideringTimeout(MethodInvocationHelper.java:71)\r\n\tat org.testng.internal.invokers.ConfigInvoker.invokeConfigurationMethod(ConfigInvoker.java:400)\r\n\tat org.testng.internal.invokers.ConfigInvoker.invokeConfigurations(ConfigInvoker.java:333)\r\n\tat org.testng.internal.invokers.TestMethodWorker.invokeAfterClassConfigurations(TestMethodWorker.java:238)\r\n\tat org.testng.internal.invokers.TestMethodWorker.invokeAfterClassMethods(TestMethodWorker.java:223)\r\n\tat org.testng.internal.invokers.TestMethodWorker.run(TestMethodWorker.java:137)\r\n\tat java.base/java.util.ArrayList.forEach(ArrayList.java:1597)\r\n\tat org.testng.TestRunner.privateRun(TestRunner.java:741)\r\n\tat org.testng.TestRunner.run(TestRunner.java:616)\r\n\tat org.testng.SuiteRunner.runTest(SuiteRunner.java:421)\r\n\tat org.testng.SuiteRunner.runSequentially(SuiteRunner.java:413)\r\n\tat org.testng.SuiteRunner.privateRun(SuiteRunner.java:373)\r\n\tat org.testng.SuiteRunner.run(SuiteRunner.java:312)\r\n\tat org.testng.SuiteRunnerWorker.runSuite(SuiteRunnerWorker.java:52)\r\n\tat org.testng.SuiteRunnerWorker.run(SuiteRunnerWorker.java:95)\r\n\tat org.testng.TestNG.runSuitesSequentially(TestNG.java:1274)\r\n\tat org.testng.TestNG.runSuitesLocally(TestNG.java:1208)\r\n\tat org.testng.TestNG.runSuites(TestNG.java:1112)\r\n\tat org.testng.TestNG.run(TestNG.java:1079)\r\n\tat org.testng.remote.AbstractRemoteTestNG.run(AbstractRemoteTestNG.java:115)\r\n\tat org.testng.remote.RemoteTestNG.initAndRun(RemoteTestNG.java:293)\r\n\tat org.testng.remote.RemoteTestNG.main(RemoteTestNG.java:91)\r\n\tSuppressed: io.cucumber.core.runner.DuplicateStepDefinitionException: Duplicate step definitions in stepDefinations.Register.browser_must_be_close() and stepDefinations.SSLogin.Browser_Must_be_close()\r\n\t\tat io.cucumber.core.runner.CachingGlue.lambda$prepareGlue$3(CachingGlue.java:313)\r\n\t\tat java.base/java.util.ArrayList.forEach(ArrayList.java:1597)\r\n\t\tat io.cucumber.core.runner.CachingGlue.prepareGlue(CachingGlue.java:307)\r\n\t\tat io.cucumber.core.runner.Runner.runPickle(Runner.java:73)\r\n\t\tat io.cucumber.testng.TestNGCucumberRunner.lambda$runScenario$1(TestNGCucumberRunner.java:135)\r\n\t\tat io.cucumber.core.runtime.CucumberExecutionContext.lambda$runTestCase$5(CucumberExecutionContext.java:136)\r\n\t\tat io.cucumber.core.runtime.RethrowingThrowableCollector.executeAndThrow(RethrowingThrowableCollector.java:23)\r\n\t\tat io.cucumber.core.runtime.CucumberExecutionContext.runTestCase(CucumberExecutionContext.java:136)\r\n\t\tat io.cucumber.testng.TestNGCucumberRunner.runScenario(TestNGCucumberRunner.java:132)\r\n\t\tat io.cucumber.testng.AbstractTestNGCucumberTests.runScenario(AbstractTestNGCucumberTests.java:35)\r\n\t\tat java.base/jdk.internal.reflect.DirectMethodHandleAccessor.invoke(DirectMethodHandleAccessor.java:103)\r\n\t\tat java.base/java.lang.reflect.Method.invoke(Method.java:580)\r\n\t\tat org.testng.internal.invokers.MethodInvocationHelper.invokeMethod(MethodInvocationHelper.java:141)\r\n\t\tat org.testng.internal.invokers.TestInvoker.invokeMethod(TestInvoker.java:687)\r\n\t\tat org.testng.internal.invokers.TestInvoker.invokeTestMethod(TestInvoker.java:230)\r\n\t\tat org.testng.internal.invokers.MethodRunner.runInSequence(MethodRunner.java:63)\r\n\t\tat org.testng.internal.invokers.TestInvoker$MethodInvocationAgent.invoke(TestInvoker.java:995)\r\n\t\tat org.testng.internal.invokers.TestInvoker.invokeTestMethods(TestInvoker.java:203)\r\n\t\tat org.testng.internal.invokers.TestMethodWorker.invokeTestMethods(TestMethodWorker.java:154)\r\n\t\tat org.testng.internal.invokers.TestMethodWorker.run(TestMethodWorker.java:134)\r\n\t\t... 16 more\r\n\tSuppressed: java.lang.IllegalArgumentException: Test name must not be null or empty\r\n\t\tat com.aventstack.extentreports.util.Assert.notEmpty(Assert.java:12)\r\n\t\tat com.aventstack.extentreports.ExtentTest.<init>(ExtentTest.java:96)\r\n\t\tat com.aventstack.extentreports.ExtentTest.createNode(ExtentTest.java:153)\r\n\t\tat com.aventstack.extentreports.cucumber.adapter.ExtentCucumberAdapter.createTestCase(ExtentCucumberAdapter.java:427)\r\n\t\tat com.aventstack.extentreports.cucumber.adapter.ExtentCucumberAdapter.handleTestCaseStarted(ExtentCucumberAdapter.java:163)\r\n\t\tat com.aventstack.extentreports.cucumber.adapter.ExtentCucumberAdapter.access$100(ExtentCucumberAdapter.java:63)\r\n\t\tat com.aventstack.extentreports.cucumber.adapter.ExtentCucumberAdapter$3.receive(ExtentCucumberAdapter.java:107)\r\n\t\tat com.aventstack.extentreports.cucumber.adapter.ExtentCucumberAdapter$3.receive(ExtentCucumberAdapter.java:104)\r\n\t\tat io.cucumber.core.eventbus.AbstractEventPublisher.send(AbstractEventPublisher.java:51)\r\n\t\tat io.cucumber.core.eventbus.AbstractEventBus.send(AbstractEventBus.java:12)\r\n\t\tat io.cucumber.core.runtime.SynchronizedEventBus.send(SynchronizedEventBus.java:47)\r\n\t\tat io.cucumber.core.runtime.ThreadLocalRunnerSupplier$LocalEventBus.send(ThreadLocalRunnerSupplier.java:62)\r\n\t\tat io.cucumber.core.runner.TestCase.emitTestCaseStarted(TestCase.java:213)\r\n\t\tat io.cucumber.core.runner.TestCase.run(TestCase.java:74)\r\n\t\tat io.cucumber.core.runner.Runner.runPickle(Runner.java:77)\r\n\t\tat io.cucumber.testng.TestNGCucumberRunner.lambda$runScenario$1(TestNGCucumberRunner.java:135)\r\n\t\tat io.cucumber.core.runtime.CucumberExecutionContext.lambda$runTestCase$5(CucumberExecutionContext.java:136)\r\n\t\tat io.cucumber.core.runtime.RethrowingThrowableCollector.executeAndThrow(RethrowingThrowableCollector.java:23)\r\n\t\tat io.cucumber.core.runtime.CucumberExecutionContext.runTestCase(CucumberExecutionContext.java:136)\r\n\t\tat io.cucumber.testng.TestNGCucumberRunner.runScenario(TestNGCucumberRunner.java:132)\r\n\t\tat io.cucumber.testng.AbstractTestNGCucumberTests.runScenario(AbstractTestNGCucumberTests.java:35)\r\n\t\tat java.base/jdk.internal.reflect.DirectMethodHandleAccessor.invoke(DirectMethodHandleAccessor.java:103)\r\n\t\tat java.base/java.lang.reflect.Method.invoke(Method.java:580)\r\n\t\tat org.testng.internal.invokers.MethodInvocationHelper.invokeMethod(MethodInvocationHelper.java:141)\r\n\t\tat org.testng.internal.invokers.TestInvoker.invokeMethod(TestInvoker.java:687)\r\n\t\tat org.testng.internal.invokers.TestInvoker.invokeTestMethod(TestInvoker.java:230)\r\n\t\tat org.testng.internal.invokers.MethodRunner.runInSequence(MethodRunner.java:63)\r\n\t\tat org.testng.internal.invokers.TestInvoker$MethodInvocationAgent.invoke(TestInvoker.java:995)\r\n\t\tat org.testng.internal.invokers.TestInvoker.invokeTestMethods(TestInvoker.java:203)\r\n\t\tat org.testng.internal.invokers.TestMethodWorker.invokeTestMethods(TestMethodWorker.java:154)\r\n\t\tat org.testng.internal.invokers.TestMethodWorker.run(TestMethodWorker.java:134)\r\n\t\t... 16 more\r\n","status":"failed"},"line":4,"name":"Cucumber will report this error:","match":{"arguments":[],"location":"io.cucumber.core.Failure.cucumber_reports_this_error()"},"keyword":"Then "}]}],"name":"Test run failed","description":"There were errors during the execution","id":"failure","keyword":"Feature","uri":"classpath:io/cucumber/core/failure.feature","tags":[]}]