<html>
<head>
<title>TestNG:  Default test</title>
<link href="../testng.css" rel="stylesheet" type="text/css" />
<link href="../my-testng.css" rel="stylesheet" type="text/css" />

<style type="text/css">
.log { display: none;} 
.stack-trace { display: none;} 
</style>
<script type="text/javascript">
<!--
function flip(e) {
  current = e.style.display;
  if (current == 'block') {
    e.style.display = 'none';
    return 0;
  }
  else {
    e.style.display = 'block';
    return 1;
  }
}

function toggleBox(szDivId, elem, msg1, msg2)
{
  var res = -1;  if (document.getElementById) {
    res = flip(document.getElementById(szDivId));
  }
  else if (document.all) {
    // this is the way old msie versions work
    res = flip(document.all[szDivId]);
  }
  if(elem) {
    if(res == 0) elem.innerHTML = msg1; else elem.innerHTML = msg2;
  }

}

function toggleAllBoxes() {
  if (document.getElementsByTagName) {
    d = document.getElementsByTagName('div');
    for (i = 0; i < d.length; i++) {
      if (d[i].className == 'log') {
        flip(d[i]);
      }
    }
  }
}

// -->
</script>

</head>
<body>
<h2 align='center'>Default test</h2><table border='1' align="center">
<tr>
<td>Tests passed/Failed/Skipped:</td><td>0/8/0</td>
</tr><tr>
<td>Started on:</td><td>Wed Jul 09 13:07:33 IST 2025</td>
</tr>
<tr><td>Total time:</td><td>64 seconds (64405 ms)</td>
</tr><tr>
<td>Included groups:</td><td></td>
</tr><tr>
<td>Excluded groups:</td><td></td>
</tr>
</table><p/>
<small><i>(Hover the method name to see the test class name)</i></small><p/>
<table width='100%' border='1' class='invocation-failed'>
<tr><td colspan='4' align='center'><b>FAILED TESTS</b></td></tr>
<tr><td><b>Test method</b></td>
<td><b>Attribute(s)</b></td>
<td width="30%"><b>Exception</b></td>
<td width="10%"><b>Time (seconds)</b></td>
<td><b>Instance</b></td>
</tr>
<tr>
<td title='runner.CucumberRunner.runScenario()'><b>runScenario</b><br>Test class: runner.CucumberRunner<br>Test method: Runs Cucumber Scenarios<br>Parameters: "Validate when user enters text in search text field then the search result must be displayed", "Search"</td>
<td><div><pre>java.lang.NullPointerException: Cannot invoke &quot;java.lang.CharSequence.toString()&quot; because &quot;s&quot; is null
	at java.base/java.lang.String.contains(String.java:3023)
	at stepDefinations.Search.search_result_must_be_displayed(Search.java:34)
	at ✽.Search result must be displayed(file:///D:/GITHUB%20REMOTE%20REPO/BDD-With-Cucumber/LearningCucumberBDD/./src/test/java/features/Search.feature:7)
</pre></div><a href='#' onClick='toggleBox("stack-trace1765350920", this, "Click to show all stack frames", "Click to hide stack frames")'>Click to show all stack frames</a>
<div class='stack-trace' id='stack-trace1765350920'><pre>java.lang.NullPointerException: Cannot invoke &quot;java.lang.CharSequence.toString()&quot; because &quot;s&quot; is null
	at java.base/java.lang.String.contains(String.java:3023)
	at stepDefinations.Search.search_result_must_be_displayed(Search.java:34)
	at ✽.Search result must be displayed(file:///D:/GITHUB%20REMOTE%20REPO/BDD-With-Cucumber/LearningCucumberBDD/./src/test/java/features/Search.feature:7)
</pre></div></td>
<td>16</td>
<td>runner.CucumberRunner@10d68fcd</td></tr>
<tr>
<td title='runner.CucumberRunner.runScenario()'><b>runScenario</b><br>Test class: runner.CucumberRunner<br>Test method: Runs Cucumber Scenarios<br>Parameters: "Validate when user enters text in search text field then the search result must be displayed", "Search"</td>
<td><div><pre>java.lang.NullPointerException: Cannot invoke &quot;java.lang.CharSequence.toString()&quot; because &quot;s&quot; is null
	at java.base/java.lang.String.contains(String.java:3023)
	at stepDefinations.Search.search_result_must_be_displayed(Search.java:34)
	at ✽.Search result must be displayed(file:///D:/GITHUB%20REMOTE%20REPO/BDD-With-Cucumber/LearningCucumberBDD/./src/test/java/features/Search.feature:7)
</pre></div><a href='#' onClick='toggleBox("stack-trace553846997", this, "Click to show all stack frames", "Click to hide stack frames")'>Click to show all stack frames</a>
<div class='stack-trace' id='stack-trace553846997'><pre>java.lang.NullPointerException: Cannot invoke &quot;java.lang.CharSequence.toString()&quot; because &quot;s&quot; is null
	at java.base/java.lang.String.contains(String.java:3023)
	at stepDefinations.Search.search_result_must_be_displayed(Search.java:34)
	at ✽.Search result must be displayed(file:///D:/GITHUB%20REMOTE%20REPO/BDD-With-Cucumber/LearningCucumberBDD/./src/test/java/features/Search.feature:7)
</pre></div></td>
<td>9</td>
<td>runner.CucumberRunner@10d68fcd</td></tr>
<tr>
<td title='runner.CucumberRunner.runScenario()'><b>runScenario</b><br>Test class: runner.CucumberRunner<br>Test method: Runs Cucumber Scenarios<br>Parameters: "Validate shooper can login using valid credentials", "ShoppersStackLogin"</td>
<td><div><pre>io.cucumber.core.runner.DuplicateStepDefinitionException: Duplicate step definitions in stepDefinations.Register.browser_must_be_close() and stepDefinations.SSLogin.Browser_Must_be_close()
	at io.cucumber.core.runner.CachingGlue.lambda$prepareGlue$3(CachingGlue.java:313)
	at java.base/java.util.ArrayList.forEach(ArrayList.java:1597)
	at io.cucumber.core.runner.CachingGlue.prepareGlue(CachingGlue.java:307)
	at io.cucumber.core.runner.Runner.runPickle(Runner.java:73)
	at io.cucumber.testng.TestNGCucumberRunner.lambda$runScenario$1(TestNGCucumberRunner.java:135)
	at io.cucumber.core.runtime.CucumberExecutionContext.lambda$runTestCase$5(CucumberExecutionContext.java:136)
	at io.cucumber.core.runtime.RethrowingThrowableCollector.executeAndThrow(RethrowingThrowableCollector.java:23)
	at io.cucumber.core.runtime.CucumberExecutionContext.runTestCase(CucumberExecutionContext.java:136)
	at io.cucumber.testng.TestNGCucumberRunner.runScenario(TestNGCucumberRunner.java:132)
	at io.cucumber.testng.AbstractTestNGCucumberTests.runScenario(AbstractTestNGCucumberTests.java:35)
	at java.base/jdk.internal.reflect.DirectMethodHandleAccessor.invoke(DirectMethodHandleAccessor.java:103)
	at java.base/java.lang.reflect.Method.invoke(Method.java:580)
	at org.testng.internal.invokers.MethodInvocationHelper.invokeMethod(MethodInvocationHelper.java:141)
	at org.testng.internal.invokers.TestInvoker.invokeMethod(TestInvoker.java:687)
	at org.testng.internal.invokers.TestInvoker.invokeTestMethod(TestInvoker.java:230)
	at org.testng.internal.invokers.MethodRunner.runInSequence(MethodRunner.java:63)
	at org.testng.internal.invokers.TestInvoker$MethodInvocationAgent.invoke(TestInvoker.java:995)
	at org.testng.internal.invokers.TestInvoker.invokeTestMethods(TestInvoker.java:203)
	at org.testng.internal.invokers.TestMethodWorker.invokeTestMethods(TestMethodWorker.java:154)
	at org.testng.internal.invokers.TestMethodWorker.run(TestMethodWorker.java:134)
	at java.base/java.util.ArrayList.forEach(ArrayList.java:1597)
	at org.testng.TestRunner.privateRun(TestRunner.java:741)
	at org.testng.TestRunner.run(TestRunner.java:616)
	at org.testng.SuiteRunner.runTest(SuiteRunner.java:421)
	at org.testng.SuiteRunner.runSequentially(SuiteRunner.java:413)
	at org.testng.SuiteRunner.privateRun(SuiteRunner.java:373)
	at org.testng.SuiteRunner.run(SuiteRunner.java:312)
	at org.testng.SuiteRunnerWorker.runSuite(SuiteRunnerWorker.java:52)
	at org.testng.SuiteRunnerWorker.run(SuiteRunnerWorker.java:95)
	at org.testng.TestNG.runSuitesSequentially(TestNG.java:1274)
	at org.testng.TestNG.runSuitesLocally(TestNG.java:1208)
	at org.testng.TestNG.runSuites(TestNG.java:1112)
	at org.testng.TestNG.run(TestNG.java:1079)
	at org.testng.remote.AbstractRemoteTestNG.run(AbstractRemoteTestNG.java:115)
	at org.testng.remote.RemoteTestNG.initAndRun(RemoteTestNG.java:293)
	at org.testng.remote.RemoteTestNG.main(RemoteTestNG.java:91)
</pre></div><a href='#' onClick='toggleBox("stack-trace486348917", this, "Click to show all stack frames", "Click to hide stack frames")'>Click to show all stack frames</a>
<div class='stack-trace' id='stack-trace486348917'><pre>io.cucumber.core.runner.DuplicateStepDefinitionException: Duplicate step definitions in stepDefinations.Register.browser_must_be_close() and stepDefinations.SSLogin.Browser_Must_be_close()
	at io.cucumber.core.runner.CachingGlue.lambda$prepareGlue$3(CachingGlue.java:313)
	at java.base/java.util.ArrayList.forEach(ArrayList.java:1597)
	at io.cucumber.core.runner.CachingGlue.prepareGlue(CachingGlue.java:307)
	at io.cucumber.core.runner.Runner.runPickle(Runner.java:73)
	at io.cucumber.testng.TestNGCucumberRunner.lambda$runScenario$1(TestNGCucumberRunner.java:135)
	at io.cucumber.core.runtime.CucumberExecutionContext.lambda$runTestCase$5(CucumberExecutionContext.java:136)
	at io.cucumber.core.runtime.RethrowingThrowableCollector.executeAndThrow(RethrowingThrowableCollector.java:23)
	at io.cucumber.core.runtime.CucumberExecutionContext.runTestCase(CucumberExecutionContext.java:136)
	at io.cucumber.testng.TestNGCucumberRunner.runScenario(TestNGCucumberRunner.java:132)
	at io.cucumber.testng.AbstractTestNGCucumberTests.runScenario(AbstractTestNGCucumberTests.java:35)
	at java.base/jdk.internal.reflect.DirectMethodHandleAccessor.invoke(DirectMethodHandleAccessor.java:103)
	at java.base/java.lang.reflect.Method.invoke(Method.java:580)
	at org.testng.internal.invokers.MethodInvocationHelper.invokeMethod(MethodInvocationHelper.java:141)
	at org.testng.internal.invokers.TestInvoker.invokeMethod(TestInvoker.java:687)
	at org.testng.internal.invokers.TestInvoker.invokeTestMethod(TestInvoker.java:230)
	at org.testng.internal.invokers.MethodRunner.runInSequence(MethodRunner.java:63)
	at org.testng.internal.invokers.TestInvoker$MethodInvocationAgent.invoke(TestInvoker.java:995)
	at org.testng.internal.invokers.TestInvoker.invokeTestMethods(TestInvoker.java:203)
	at org.testng.internal.invokers.TestMethodWorker.invokeTestMethods(TestMethodWorker.java:154)
	at org.testng.internal.invokers.TestMethodWorker.run(TestMethodWorker.java:134)
	at java.base/java.util.ArrayList.forEach(ArrayList.java:1597)
	at org.testng.TestRunner.privateRun(TestRunner.java:741)
	at org.testng.TestRunner.run(TestRunner.java:616)
	at org.testng.SuiteRunner.runTest(SuiteRunner.java:421)
	at org.testng.SuiteRunner.runSequentially(SuiteRunner.java:413)
	at org.testng.SuiteRunner.privateRun(SuiteRunner.java:373)
	at org.testng.SuiteRunner.run(SuiteRunner.java:312)
	at org.testng.SuiteRunnerWorker.runSuite(SuiteRunnerWorker.java:52)
	at org.testng.SuiteRunnerWorker.run(SuiteRunnerWorker.java:95)
	at org.testng.TestNG.runSuitesSequentially(TestNG.java:1274)
	at org.testng.TestNG.runSuitesLocally(TestNG.java:1208)
	at org.testng.TestNG.runSuites(TestNG.java:1112)
	at org.testng.TestNG.run(TestNG.java:1079)
	at org.testng.remote.AbstractRemoteTestNG.run(AbstractRemoteTestNG.java:115)
	at org.testng.remote.RemoteTestNG.initAndRun(RemoteTestNG.java:293)
	at org.testng.remote.RemoteTestNG.main(RemoteTestNG.java:91)
</pre></div></td>
<td>0</td>
<td>runner.CucumberRunner@10d68fcd</td></tr>
<tr>
<td title='runner.CucumberRunner.runScenario()'><b>runScenario</b><br>Test class: runner.CucumberRunner<br>Test method: Runs Cucumber Scenarios<br>Parameters: "Validate Merchant can login using valid credentials", "ShoppersStackLogin"</td>
<td><div><pre>io.cucumber.testng.UndefinedStepException: The step &apos;Browser is open and URL navigated&apos; and 3 other step(s) are undefined.
You can implement these steps using the snippet(s) below:

@Given(&quot;Browser is open and URL navigated&quot;)
public void browser_is_open_and_url_navigated() {
    // Write code here that turns the phrase above into concrete actions
    throw new io.cucumber.java.PendingException();
}
@Given(&quot;Login page shoiuld be displayed&quot;)
public void login_page_shoiuld_be_displayed() {
    // Write code here that turns the phrase above into concrete actions
    throw new io.cucumber.java.PendingException();
}
@Given(&quot;Merchant login is displayed&quot;)
public void merchant_login_is_displayed() {
    // Write code here that turns the phrase above into concrete actions
    throw new io.cucumber.java.PendingException();
}
@Then(&quot;Merchant should be successfully logged in&quot;)
public void merchant_should_be_successfully_logged_in() {
    // Write code here that turns the phrase above into concrete actions
    throw new io.cucumber.java.PendingException();
}

	at ✽.Browser is open and URL navigated(file:///D:/GITHUB%20REMOTE%20REPO/BDD-With-Cucumber/LearningCucumberBDD/./src/test/java/features/SSLogin.feature:15)
</pre></div><a href='#' onClick='toggleBox("stack-trace490630452", this, "Click to show all stack frames", "Click to hide stack frames")'>Click to show all stack frames</a>
<div class='stack-trace' id='stack-trace490630452'><pre>io.cucumber.testng.UndefinedStepException: The step &apos;Browser is open and URL navigated&apos; and 3 other step(s) are undefined.
You can implement these steps using the snippet(s) below:

@Given(&quot;Browser is open and URL navigated&quot;)
public void browser_is_open_and_url_navigated() {
    // Write code here that turns the phrase above into concrete actions
    throw new io.cucumber.java.PendingException();
}
@Given(&quot;Login page shoiuld be displayed&quot;)
public void login_page_shoiuld_be_displayed() {
    // Write code here that turns the phrase above into concrete actions
    throw new io.cucumber.java.PendingException();
}
@Given(&quot;Merchant login is displayed&quot;)
public void merchant_login_is_displayed() {
    // Write code here that turns the phrase above into concrete actions
    throw new io.cucumber.java.PendingException();
}
@Then(&quot;Merchant should be successfully logged in&quot;)
public void merchant_should_be_successfully_logged_in() {
    // Write code here that turns the phrase above into concrete actions
    throw new io.cucumber.java.PendingException();
}

	at ✽.Browser is open and URL navigated(file:///D:/GITHUB%20REMOTE%20REPO/BDD-With-Cucumber/LearningCucumberBDD/./src/test/java/features/SSLogin.feature:15)
</pre></div></td>
<td>0</td>
<td>runner.CucumberRunner@10d68fcd</td></tr>
<tr>
<td title='runner.CucumberRunner.runScenario()'><b>runScenario</b><br>Test class: runner.CucumberRunner<br>Test method: Runs Cucumber Scenarios<br>Parameters: "Validate when user enters text in search text field then the search result must be displayed", "Search"</td>
<td><div><pre>java.lang.NullPointerException: Cannot invoke &quot;java.lang.CharSequence.toString()&quot; because &quot;s&quot; is null
	at java.base/java.lang.String.contains(String.java:3023)
	at stepDefinations.Search.search_result_must_be_displayed(Search.java:34)
	at ✽.Search result must be displayed(file:///D:/GITHUB%20REMOTE%20REPO/BDD-With-Cucumber/LearningCucumberBDD/./src/test/java/features/Search.feature:7)
</pre></div><a href='#' onClick='toggleBox("stack-trace1587818510", this, "Click to show all stack frames", "Click to hide stack frames")'>Click to show all stack frames</a>
<div class='stack-trace' id='stack-trace1587818510'><pre>java.lang.NullPointerException: Cannot invoke &quot;java.lang.CharSequence.toString()&quot; because &quot;s&quot; is null
	at java.base/java.lang.String.contains(String.java:3023)
	at stepDefinations.Search.search_result_must_be_displayed(Search.java:34)
	at ✽.Search result must be displayed(file:///D:/GITHUB%20REMOTE%20REPO/BDD-With-Cucumber/LearningCucumberBDD/./src/test/java/features/Search.feature:7)
</pre></div></td>
<td>20</td>
<td>runner.CucumberRunner@10d68fcd</td></tr>
<tr>
<td title='runner.CucumberRunner.runScenario()'><b>runScenario</b><br>Test class: runner.CucumberRunner<br>Test method: Runs Cucumber Scenarios<br>Parameters: "", "Login"</td>
<td><div><pre>java.lang.IllegalArgumentException: Test name must not be null or empty
	at com.aventstack.extentreports.util.Assert.notEmpty(Assert.java:12)
	at com.aventstack.extentreports.ExtentTest.&lt;init&gt;(ExtentTest.java:96)
	at com.aventstack.extentreports.ExtentTest.createNode(ExtentTest.java:153)
	at com.aventstack.extentreports.cucumber.adapter.ExtentCucumberAdapter.createTestCase(ExtentCucumberAdapter.java:427)
	at com.aventstack.extentreports.cucumber.adapter.ExtentCucumberAdapter.handleTestCaseStarted(ExtentCucumberAdapter.java:163)
	at com.aventstack.extentreports.cucumber.adapter.ExtentCucumberAdapter.access$100(ExtentCucumberAdapter.java:63)
	at com.aventstack.extentreports.cucumber.adapter.ExtentCucumberAdapter$3.receive(ExtentCucumberAdapter.java:107)
	at com.aventstack.extentreports.cucumber.adapter.ExtentCucumberAdapter$3.receive(ExtentCucumberAdapter.java:104)
	at io.cucumber.core.eventbus.AbstractEventPublisher.send(AbstractEventPublisher.java:51)
	at io.cucumber.core.eventbus.AbstractEventBus.send(AbstractEventBus.java:12)
	at io.cucumber.core.runtime.SynchronizedEventBus.send(SynchronizedEventBus.java:47)
	at io.cucumber.core.runtime.ThreadLocalRunnerSupplier$LocalEventBus.send(ThreadLocalRunnerSupplier.java:62)
	at io.cucumber.core.runner.TestCase.emitTestCaseStarted(TestCase.java:213)
	at io.cucumber.core.runner.TestCase.run(TestCase.java:74)
	at io.cucumber.core.runner.Runner.runPickle(Runner.java:77)
	at io.cucumber.testng.TestNGCucumberRunner.lambda$runScenario$1(TestNGCucumberRunner.java:135)
	at io.cucumber.core.runtime.CucumberExecutionContext.lambda$runTestCase$5(CucumberExecutionContext.java:136)
	at io.cucumber.core.runtime.RethrowingThrowableCollector.executeAndThrow(RethrowingThrowableCollector.java:23)
	at io.cucumber.core.runtime.CucumberExecutionContext.runTestCase(CucumberExecutionContext.java:136)
	at io.cucumber.testng.TestNGCucumberRunner.runScenario(TestNGCucumberRunner.java:132)
	at io.cucumber.testng.AbstractTestNGCucumberTests.runScenario(AbstractTestNGCucumberTests.java:35)
	at java.base/jdk.internal.reflect.DirectMethodHandleAccessor.invoke(DirectMethodHandleAccessor.java:103)
	at java.base/java.lang.reflect.Method.invoke(Method.java:580)
	at org.testng.internal.invokers.MethodInvocationHelper.invokeMethod(MethodInvocationHelper.java:141)
	at org.testng.internal.invokers.TestInvoker.invokeMethod(TestInvoker.java:687)
	at org.testng.internal.invokers.TestInvoker.invokeTestMethod(TestInvoker.java:230)
	at org.testng.internal.invokers.MethodRunner.runInSequence(MethodRunner.java:63)
	at org.testng.internal.invokers.TestInvoker$MethodInvocationAgent.invoke(TestInvoker.java:995)
	at org.testng.internal.invokers.TestInvoker.invokeTestMethods(TestInvoker.java:203)
	at org.testng.internal.invokers.TestMethodWorker.invokeTestMethods(TestMethodWorker.java:154)
	at org.testng.internal.invokers.TestMethodWorker.run(TestMethodWorker.java:134)
	at java.base/java.util.ArrayList.forEach(ArrayList.java:1597)
	at org.testng.TestRunner.privateRun(TestRunner.java:741)
	at org.testng.TestRunner.run(TestRunner.java:616)
	at org.testng.SuiteRunner.runTest(SuiteRunner.java:421)
	at org.testng.SuiteRunner.runSequentially(SuiteRunner.java:413)
	at org.testng.SuiteRunner.privateRun(SuiteRunner.java:373)
	at org.testng.SuiteRunner.run(SuiteRunner.java:312)
	at org.testng.SuiteRunnerWorker.runSuite(SuiteRunnerWorker.java:52)
	at org.testng.SuiteRunnerWorker.run(SuiteRunnerWorker.java:95)
	at org.testng.TestNG.runSuitesSequentially(TestNG.java:1274)
	at org.testng.TestNG.runSuitesLocally(TestNG.java:1208)
	at org.testng.TestNG.runSuites(TestNG.java:1112)
	at org.testng.TestNG.run(TestNG.java:1079)
	at org.testng.remote.AbstractRemoteTestNG.run(AbstractRemoteTestNG.java:115)
	at org.testng.remote.RemoteTestNG.initAndRun(RemoteTestNG.java:293)
	at org.testng.remote.RemoteTestNG.main(RemoteTestNG.java:91)
</pre></div><a href='#' onClick='toggleBox("stack-trace729375394", this, "Click to show all stack frames", "Click to hide stack frames")'>Click to show all stack frames</a>
<div class='stack-trace' id='stack-trace729375394'><pre>java.lang.IllegalArgumentException: Test name must not be null or empty
	at com.aventstack.extentreports.util.Assert.notEmpty(Assert.java:12)
	at com.aventstack.extentreports.ExtentTest.&lt;init&gt;(ExtentTest.java:96)
	at com.aventstack.extentreports.ExtentTest.createNode(ExtentTest.java:153)
	at com.aventstack.extentreports.cucumber.adapter.ExtentCucumberAdapter.createTestCase(ExtentCucumberAdapter.java:427)
	at com.aventstack.extentreports.cucumber.adapter.ExtentCucumberAdapter.handleTestCaseStarted(ExtentCucumberAdapter.java:163)
	at com.aventstack.extentreports.cucumber.adapter.ExtentCucumberAdapter.access$100(ExtentCucumberAdapter.java:63)
	at com.aventstack.extentreports.cucumber.adapter.ExtentCucumberAdapter$3.receive(ExtentCucumberAdapter.java:107)
	at com.aventstack.extentreports.cucumber.adapter.ExtentCucumberAdapter$3.receive(ExtentCucumberAdapter.java:104)
	at io.cucumber.core.eventbus.AbstractEventPublisher.send(AbstractEventPublisher.java:51)
	at io.cucumber.core.eventbus.AbstractEventBus.send(AbstractEventBus.java:12)
	at io.cucumber.core.runtime.SynchronizedEventBus.send(SynchronizedEventBus.java:47)
	at io.cucumber.core.runtime.ThreadLocalRunnerSupplier$LocalEventBus.send(ThreadLocalRunnerSupplier.java:62)
	at io.cucumber.core.runner.TestCase.emitTestCaseStarted(TestCase.java:213)
	at io.cucumber.core.runner.TestCase.run(TestCase.java:74)
	at io.cucumber.core.runner.Runner.runPickle(Runner.java:77)
	at io.cucumber.testng.TestNGCucumberRunner.lambda$runScenario$1(TestNGCucumberRunner.java:135)
	at io.cucumber.core.runtime.CucumberExecutionContext.lambda$runTestCase$5(CucumberExecutionContext.java:136)
	at io.cucumber.core.runtime.RethrowingThrowableCollector.executeAndThrow(RethrowingThrowableCollector.java:23)
	at io.cucumber.core.runtime.CucumberExecutionContext.runTestCase(CucumberExecutionContext.java:136)
	at io.cucumber.testng.TestNGCucumberRunner.runScenario(TestNGCucumberRunner.java:132)
	at io.cucumber.testng.AbstractTestNGCucumberTests.runScenario(AbstractTestNGCucumberTests.java:35)
	at java.base/jdk.internal.reflect.DirectMethodHandleAccessor.invoke(DirectMethodHandleAccessor.java:103)
	at java.base/java.lang.reflect.Method.invoke(Method.java:580)
	at org.testng.internal.invokers.MethodInvocationHelper.invokeMethod(MethodInvocationHelper.java:141)
	at org.testng.internal.invokers.TestInvoker.invokeMethod(TestInvoker.java:687)
	at org.testng.internal.invokers.TestInvoker.invokeTestMethod(TestInvoker.java:230)
	at org.testng.internal.invokers.MethodRunner.runInSequence(MethodRunner.java:63)
	at org.testng.internal.invokers.TestInvoker$MethodInvocationAgent.invoke(TestInvoker.java:995)
	at org.testng.internal.invokers.TestInvoker.invokeTestMethods(TestInvoker.java:203)
	at org.testng.internal.invokers.TestMethodWorker.invokeTestMethods(TestMethodWorker.java:154)
	at org.testng.internal.invokers.TestMethodWorker.run(TestMethodWorker.java:134)
	at java.base/java.util.ArrayList.forEach(ArrayList.java:1597)
	at org.testng.TestRunner.privateRun(TestRunner.java:741)
	at org.testng.TestRunner.run(TestRunner.java:616)
	at org.testng.SuiteRunner.runTest(SuiteRunner.java:421)
	at org.testng.SuiteRunner.runSequentially(SuiteRunner.java:413)
	at org.testng.SuiteRunner.privateRun(SuiteRunner.java:373)
	at org.testng.SuiteRunner.run(SuiteRunner.java:312)
	at org.testng.SuiteRunnerWorker.runSuite(SuiteRunnerWorker.java:52)
	at org.testng.SuiteRunnerWorker.run(SuiteRunnerWorker.java:95)
	at org.testng.TestNG.runSuitesSequentially(TestNG.java:1274)
	at org.testng.TestNG.runSuitesLocally(TestNG.java:1208)
	at org.testng.TestNG.runSuites(TestNG.java:1112)
	at org.testng.TestNG.run(TestNG.java:1079)
	at org.testng.remote.AbstractRemoteTestNG.run(AbstractRemoteTestNG.java:115)
	at org.testng.remote.RemoteTestNG.initAndRun(RemoteTestNG.java:293)
	at org.testng.remote.RemoteTestNG.main(RemoteTestNG.java:91)
</pre></div></td>
<td>0</td>
<td>runner.CucumberRunner@10d68fcd</td></tr>
<tr>
<td title='runner.CucumberRunner.runScenario()'><b>runScenario</b><br>Test class: runner.CucumberRunner<br>Test method: Runs Cucumber Scenarios<br>Parameters: "User should be able to register using valid credentials", "Register"</td>
<td><div><pre>io.cucumber.testng.UndefinedStepException: The step &apos;user enters valid credentails&apos; is undefined.
You can implement this step using the snippet(s) below:

@When(&quot;user enters valid credentails&quot;)
public void user_enters_valid_credentails() {
    // Write code here that turns the phrase above into concrete actions
    throw new io.cucumber.java.PendingException();
}

	at ✽.user enters valid credentails(file:///D:/GITHUB%20REMOTE%20REPO/BDD-With-Cucumber/LearningCucumberBDD/./src/test/java/features/register.feature:7)
</pre></div><a href='#' onClick='toggleBox("stack-trace1405548909", this, "Click to show all stack frames", "Click to hide stack frames")'>Click to show all stack frames</a>
<div class='stack-trace' id='stack-trace1405548909'><pre>io.cucumber.testng.UndefinedStepException: The step &apos;user enters valid credentails&apos; is undefined.
You can implement this step using the snippet(s) below:

@When(&quot;user enters valid credentails&quot;)
public void user_enters_valid_credentails() {
    // Write code here that turns the phrase above into concrete actions
    throw new io.cucumber.java.PendingException();
}

	at ✽.user enters valid credentails(file:///D:/GITHUB%20REMOTE%20REPO/BDD-With-Cucumber/LearningCucumberBDD/./src/test/java/features/register.feature:7)
</pre></div></td>
<td>15</td>
<td>runner.CucumberRunner@10d68fcd</td></tr>
<tr>
<td title='runner.CucumberRunner.runScenario()'><b>runScenario</b><br>Test class: runner.CucumberRunner<br>Test method: Runs Cucumber Scenarios<br>Parameters: "Validate Admin can login using valid credentials", "ShoppersStackLogin"</td>
<td><div><pre>io.cucumber.testng.UndefinedStepException: The step &apos;Browser is open and URL navigated&apos; and 2 other step(s) are undefined.
You can implement these steps using the snippet(s) below:

@Given(&quot;Browser is open and URL navigated&quot;)
public void browser_is_open_and_url_navigated() {
    // Write code here that turns the phrase above into concrete actions
    throw new io.cucumber.java.PendingException();
}
@Given(&quot;Login page shoiuld be displayed&quot;)
public void login_page_shoiuld_be_displayed() {
    // Write code here that turns the phrase above into concrete actions
    throw new io.cucumber.java.PendingException();
}
@Then(&quot;Admin should be successfully logged in&quot;)
public void admin_should_be_successfully_logged_in() {
    // Write code here that turns the phrase above into concrete actions
    throw new io.cucumber.java.PendingException();
}

	at ✽.Browser is open and URL navigated(file:///D:/GITHUB%20REMOTE%20REPO/BDD-With-Cucumber/LearningCucumberBDD/./src/test/java/features/SSLogin.feature:25)
</pre></div><a href='#' onClick='toggleBox("stack-trace648630181", this, "Click to show all stack frames", "Click to hide stack frames")'>Click to show all stack frames</a>
<div class='stack-trace' id='stack-trace648630181'><pre>io.cucumber.testng.UndefinedStepException: The step &apos;Browser is open and URL navigated&apos; and 2 other step(s) are undefined.
You can implement these steps using the snippet(s) below:

@Given(&quot;Browser is open and URL navigated&quot;)
public void browser_is_open_and_url_navigated() {
    // Write code here that turns the phrase above into concrete actions
    throw new io.cucumber.java.PendingException();
}
@Given(&quot;Login page shoiuld be displayed&quot;)
public void login_page_shoiuld_be_displayed() {
    // Write code here that turns the phrase above into concrete actions
    throw new io.cucumber.java.PendingException();
}
@Then(&quot;Admin should be successfully logged in&quot;)
public void admin_should_be_successfully_logged_in() {
    // Write code here that turns the phrase above into concrete actions
    throw new io.cucumber.java.PendingException();
}

	at ✽.Browser is open and URL navigated(file:///D:/GITHUB%20REMOTE%20REPO/BDD-With-Cucumber/LearningCucumberBDD/./src/test/java/features/SSLogin.feature:25)
</pre></div></td>
<td>0</td>
<td>runner.CucumberRunner@10d68fcd</td></tr>
</table><p>
</body>
</html>